2024-01-19 12:59:31,966 [INFO] Activator:176 - 


2024-01-19 12:59:31,969 [INFO] Activator:177 - !SESSION log4j initialized
2024-01-19 12:59:34,183 [INFO] LogOutputStream:77 - [STDOUT_REDIRECT] 
2024-01-19 12:59:44,859 [INFO] ApplicationProperties:184 - Using Application install path: C:\ST\STM32CubeIDE_1.13.2\STM32CubeIDE\plugins\com.st.stm32cube.common.mx_6.9.2.202309101412
2024-01-19 12:59:44,882 [INFO] DbMcusXml:78 - Set database path to: C:\ST\STM32CubeIDE_1.13.2\STM32CubeIDE\plugins\com.st.stm32cube.common.mx_6.9.2.202309101412\\db\/mcu/
2024-01-19 12:59:44,883 [INFO] ApiDb:274 - Set plugin database path to: C:\ST\STM32CubeIDE_1.13.2\STM32CubeIDE\plugins\com.st.stm32cube.common.mx_6.9.2.202309101412\\db\/plugins/boardmanager/
2024-01-19 12:59:44,885 [WARN] ApiDb:259 - Overriding images path with different value:  => C:\ST\STM32CubeIDE_1.13.2\STM32CubeIDE\plugins\com.st.stm32cube.common.mx_6.9.2.202309101412\\db\/plugins/mcufinder/images/
2024-01-19 12:59:44,897 [INFO] ApiDb:250 - Set database path to: C:\Users\Wojtek\.stmcufinder\plugins\mcufinder//mcu/
2024-01-19 12:59:44,899 [INFO] DbMcusAds:125 - Set database path to: C:\Users\Wojtek\.stmcufinder\plugins\mcufinder//mcu/
2024-01-19 12:59:44,936 [INFO] CrossReferenceDbSqlite:203 - Set database path to: C:\Users\Wojtek\.stmcufinder\plugins\mcufinder//mcu/cs/
2024-01-19 12:59:45,137 [INFO] RulesReader:64 - Compatibility file has been processed (293 Rules)
2024-01-19 12:59:45,246 [INFO] DbMcusXml:78 - Set database path to: C:\ST\STM32CubeIDE_1.13.2\STM32CubeIDE\plugins\com.st.stm32cube.common.mx_6.9.2.202309101412\\db\/mcu/
2024-01-19 12:59:45,246 [INFO] ApiDb:274 - Set plugin database path to: C:\ST\STM32CubeIDE_1.13.2\STM32CubeIDE\plugins\com.st.stm32cube.common.mx_6.9.2.202309101412\\db\/plugins/boardmanager/
2024-01-19 12:59:45,246 [INFO] ApiDb:261 - Set plugin images path to: C:\ST\STM32CubeIDE_1.13.2\STM32CubeIDE\plugins\com.st.stm32cube.common.mx_6.9.2.202309101412\\db\/plugins/mcufinder/images/
2024-01-19 12:59:45,247 [WARN] DbFile:41 - Overriding database path with different value: C:\Users\Wojtek\.stmcufinder\plugins\mcufinder/ => C:\Users\Wojtek\.stmcufinder\plugins\mcufinder
2024-01-19 12:59:45,247 [INFO] ApiDb:250 - Set database path to: C:\Users\Wojtek\.stmcufinder\plugins\mcufinder//mcu/
2024-01-19 12:59:45,247 [WARN] DbFile:41 - Overriding database path with different value: C:\Users\Wojtek\.stmcufinder\plugins\mcufinder/ => C:\Users\Wojtek\.stmcufinder\plugins\mcufinder
2024-01-19 12:59:45,247 [INFO] DbMcusAds:125 - Set database path to: C:\Users\Wojtek\.stmcufinder\plugins\mcufinder//mcu/
2024-01-19 12:59:45,247 [WARN] DbFile:41 - Overriding database path with different value: C:\Users\Wojtek\.stmcufinder\plugins\mcufinder/ => C:\Users\Wojtek\.stmcufinder\plugins\mcufinder
2024-01-19 12:59:45,247 [WARN] DbFile:41 - Overriding database path with different value: C:\Users\Wojtek\.stmcufinder\plugins\mcufinder/ => C:\Users\Wojtek\.stmcufinder\plugins\mcufinder
2024-01-19 12:59:45,247 [INFO] CrossReferenceDbSqlite:203 - Set database path to: C:\Users\Wojtek\.stmcufinder\plugins\mcufinder//mcu/cs/
2024-01-19 12:59:45,339 [INFO] MainPanel:262 - HeapMemory: 446693376
2024-01-19 12:59:45,438 [INFO] DbMcusXml:78 - Set database path to: C:\ST\STM32CubeIDE_1.13.2\STM32CubeIDE\plugins\com.st.stm32cube.common.mx_6.9.2.202309101412\\db\/mcu/
2024-01-19 12:59:45,438 [INFO] ApiDb:274 - Set plugin database path to: C:\ST\STM32CubeIDE_1.13.2\STM32CubeIDE\plugins\com.st.stm32cube.common.mx_6.9.2.202309101412\\db\/plugins/boardmanager/
2024-01-19 12:59:45,439 [INFO] ApiDb:261 - Set plugin images path to: C:\ST\STM32CubeIDE_1.13.2\STM32CubeIDE\plugins\com.st.stm32cube.common.mx_6.9.2.202309101412\\db\/plugins/mcufinder/images/
2024-01-19 12:59:45,439 [WARN] DbFile:41 - Overriding database path with different value: C:\Users\Wojtek\.stmcufinder\plugins\mcufinder/ => C:\Users\Wojtek\.stmcufinder\plugins\mcufinder
2024-01-19 12:59:45,439 [INFO] ApiDb:250 - Set database path to: C:\Users\Wojtek\.stmcufinder\plugins\mcufinder//mcu/
2024-01-19 12:59:45,439 [WARN] DbFile:41 - Overriding database path with different value: C:\Users\Wojtek\.stmcufinder\plugins\mcufinder/ => C:\Users\Wojtek\.stmcufinder\plugins\mcufinder
2024-01-19 12:59:45,439 [INFO] DbMcusAds:125 - Set database path to: C:\Users\Wojtek\.stmcufinder\plugins\mcufinder//mcu/
2024-01-19 12:59:45,440 [WARN] DbFile:41 - Overriding database path with different value: C:\Users\Wojtek\.stmcufinder\plugins\mcufinder/ => C:\Users\Wojtek\.stmcufinder\plugins\mcufinder
2024-01-19 12:59:45,440 [WARN] DbFile:41 - Overriding database path with different value: C:\Users\Wojtek\.stmcufinder\plugins\mcufinder/ => C:\Users\Wojtek\.stmcufinder\plugins\mcufinder
2024-01-19 12:59:45,440 [INFO] CrossReferenceDbSqlite:203 - Set database path to: C:\Users\Wojtek\.stmcufinder\plugins\mcufinder//mcu/cs/
2024-01-19 12:59:45,469 [INFO] ApplicationProperties:184 - Using Application install path: C:\ST\STM32CubeIDE_1.13.2\STM32CubeIDE\plugins\com.st.stm32cube.common.mx_6.9.2.202309101412
2024-01-19 12:59:45,471 [INFO] PluginManage:196 - Search for loadable plugins [exclusion list=, ]
2024-01-19 12:59:45,474 [INFO] PluginManage:310 - Check plugin analytics
2024-01-19 12:59:45,797 [INFO] AnalyticsPlugin:253 - Accepted Software Licenses: 
2024-01-19 12:59:45,798 [INFO] AnalyticsPlugin:255 - Accepted CMSIS Pack Licenses: STMicroelectronics.X-CUBE-MEMS1.10.0.0
2024-01-19 12:59:45,798 [INFO] AnalyticsPlugin:257 - Accepted Firmware Licenses: FW.L4.1.18.0
2024-01-19 12:59:45,803 [INFO] PluginManage:359 - Loaded plugin analytics (category:tool,tabindex:-1)
2024-01-19 12:59:45,804 [INFO] PluginManage:310 - Check plugin cadmodel
2024-01-19 12:59:45,810 [INFO] CADModel:105 - Init CAD model plugin
2024-01-19 12:59:45,810 [INFO] PluginManage:359 - Loaded plugin cadmodel (category:power,tabindex:5)
2024-01-19 12:59:45,810 [INFO] PluginManage:310 - Check plugin clock
2024-01-19 12:59:45,824 [INFO] PluginManage:359 - Loaded plugin clock (category:base,tabindex:2)
2024-01-19 12:59:45,824 [INFO] PluginManage:310 - Check plugin ddr
2024-01-19 12:59:45,827 [INFO] PluginManage:359 - Loaded plugin ddr (category:tool,tabindex:6)
2024-01-19 12:59:45,828 [INFO] PluginManage:310 - Check plugin filemanager
2024-01-19 12:59:45,993 [INFO] PluginManage:359 - Loaded plugin filemanager (category:base,tabindex:10)
2024-01-19 12:59:45,994 [INFO] PluginManage:310 - Check plugin ipmanager
2024-01-19 12:59:46,003 [INFO] PluginManage:359 - Loaded plugin ipmanager (category:base,tabindex:5)
2024-01-19 12:59:46,003 [INFO] PluginManage:310 - Check plugin lpbam
2024-01-19 12:59:46,014 [INFO] PluginManage:359 - Loaded plugin lpbam (category:base,tabindex:0)
2024-01-19 12:59:46,015 [INFO] PluginManage:310 - Check plugin memorymap
2024-01-19 12:59:46,046 [INFO] PluginManage:359 - Loaded plugin memorymap (category:base,tabindex:4)
2024-01-19 12:59:46,046 [INFO] PluginManage:310 - Check plugin pinoutandconfiguration
2024-01-19 12:59:46,055 [INFO] PluginManage:359 - Loaded plugin pinoutandconfiguration (category:base,tabindex:1)
2024-01-19 12:59:46,056 [INFO] PluginManage:310 - Check plugin pinoutconfig
2024-01-19 12:59:46,177 [WARN] SupportedApi:132 - Cannot load RTOS API schema: s4s-elt-must-match.1: The content of 'definitions' must match (annotation?, (simpleType | complexType)?, (unique | key | keyref)*)). A problem was found starting at: attribute.
2024-01-19 12:59:46,376 [INFO] PluginManage:359 - Loaded plugin pinoutconfig (category:base,tabindex:0)
2024-01-19 12:59:46,377 [INFO] PluginManage:310 - Check plugin power
2024-01-19 12:59:46,388 [INFO] PluginManage:359 - Loaded plugin power (category:power,tabindex:4)
2024-01-19 12:59:46,388 [INFO] PluginManage:310 - Check plugin projectmanager
2024-01-19 12:59:46,409 [INFO] PluginManage:359 - Loaded plugin projectmanager (category:projectmanager,tabindex:3)
2024-01-19 12:59:46,409 [INFO] PluginManage:310 - Check plugin thirdparty
2024-01-19 12:59:46,584 [INFO] PluginManage:359 - Loaded plugin thirdparty (category:base,tabindex:-1)
2024-01-19 12:59:46,585 [INFO] PluginManage:310 - Check plugin tools
2024-01-19 12:59:46,584 [WARN] IntegrityCheckThread:84 - waiting for thirdparty lock release [integrity check]
2024-01-19 12:59:46,585 [INFO] IntegrityCheckThread:86 - entering critical section [integrity check]
2024-01-19 12:59:46,585 [INFO] ThirdPartyUpdaterWithRetryManager:70 - Updater plugin not ready yet. [1/15]
2024-01-19 12:59:46,588 [INFO] PluginManage:359 - Loaded plugin tools (category:base,tabindex:7)
2024-01-19 12:59:46,588 [INFO] PluginManage:310 - Check plugin tutovideos
2024-01-19 12:59:46,808 [INFO] PluginManage:359 - Loaded plugin tutovideos (category:base,tabindex:-1)
2024-01-19 12:59:46,808 [INFO] PluginManage:310 - Check plugin updater
2024-01-19 12:59:46,819 [INFO] PluginManage:359 - Loaded plugin updater (category:base,tabindex:12)
2024-01-19 12:59:46,819 [INFO] PluginManage:310 - Check plugin userauth
2024-01-19 12:59:46,824 [INFO] UserAuth:113 - Init User Auth plugin
2024-01-19 12:59:46,824 [INFO] PluginManage:359 - Loaded plugin userauth (category:base,tabindex:14)
2024-01-19 12:59:46,825 [INFO] PluginManage:283 - PluginManage : Loaded plugins [17]
2024-01-19 12:59:47,058 [INFO] PinOutPanel:1499 - setPackage(No Configuration,No Configuration)
2024-01-19 12:59:47,176 [INFO] CADModel:165 - CPN selected for project level
2024-01-19 12:59:47,177 [INFO] CADModel:114 - Register for checkConnection events
2024-01-19 12:59:47,195 [INFO] IPUIPlugin:80 - create IPUIPlugin
2024-01-19 12:59:47,195 [INFO] PluginManager:220 - loadIPPluginJar : add adc
2024-01-19 12:59:47,198 [INFO] IPUIPlugin:80 - create IPUIPlugin
2024-01-19 12:59:47,198 [INFO] PluginManager:220 - loadIPPluginJar : add aes
2024-01-19 12:59:47,201 [INFO] IPUIPlugin:80 - create IPUIPlugin
2024-01-19 12:59:47,202 [INFO] PluginManager:220 - loadIPPluginJar : add can
2024-01-19 12:59:47,204 [INFO] IPUIPlugin:80 - create IPUIPlugin
2024-01-19 12:59:47,204 [INFO] PluginManager:220 - loadIPPluginJar : add comp
2024-01-19 12:59:47,206 [INFO] IPUIPlugin:80 - create IPUIPlugin
2024-01-19 12:59:47,207 [INFO] PluginManager:220 - loadIPPluginJar : add cryp
2024-01-19 12:59:47,209 [INFO] IPUIPlugin:80 - create IPUIPlugin
2024-01-19 12:59:47,209 [INFO] PluginManager:220 - loadIPPluginJar : add dfsdm
2024-01-19 12:59:47,215 [INFO] IPUIPlugin:80 - create IPUIPlugin
2024-01-19 12:59:47,216 [INFO] PluginManager:220 - loadIPPluginJar : add dma
2024-01-19 12:59:47,219 [INFO] IPUIPlugin:80 - create IPUIPlugin
2024-01-19 12:59:47,219 [INFO] PluginManager:220 - loadIPPluginJar : add dma3
2024-01-19 12:59:47,221 [INFO] IPUIPlugin:80 - create IPUIPlugin
2024-01-19 12:59:47,221 [INFO] PluginManager:220 - loadIPPluginJar : add fatfs
2024-01-19 12:59:47,227 [INFO] IPUIPlugin:80 - create IPUIPlugin
2024-01-19 12:59:47,227 [INFO] PluginManager:220 - loadIPPluginJar : add fmc
2024-01-19 12:59:47,233 [INFO] IPUIPlugin:80 - create IPUIPlugin
2024-01-19 12:59:47,233 [INFO] PluginManager:220 - loadIPPluginJar : add freertos
2024-01-19 12:59:47,235 [INFO] IPUIPlugin:80 - create IPUIPlugin
2024-01-19 12:59:47,235 [INFO] PluginManager:220 - loadIPPluginJar : add genericplugin
2024-01-19 12:59:47,238 [INFO] IPUIPlugin:80 - create IPUIPlugin
2024-01-19 12:59:47,238 [INFO] PluginManager:220 - loadIPPluginJar : add gfxmmu
2024-01-19 12:59:47,243 [INFO] IPUIPlugin:80 - create IPUIPlugin
2024-01-19 12:59:47,244 [INFO] PluginManager:220 - loadIPPluginJar : add gic
2024-01-19 12:59:47,248 [INFO] IPUIPlugin:80 - create IPUIPlugin
2024-01-19 12:59:47,248 [INFO] PluginManager:220 - loadIPPluginJar : add gpio
2024-01-19 12:59:47,251 [INFO] IPUIPlugin:80 - create IPUIPlugin
2024-01-19 12:59:47,251 [INFO] PluginManager:220 - loadIPPluginJar : add gtzc
2024-01-19 12:59:47,254 [INFO] IPUIPlugin:80 - create IPUIPlugin
2024-01-19 12:59:47,254 [INFO] PluginManager:220 - loadIPPluginJar : add hash
2024-01-19 12:59:47,258 [INFO] IPUIPlugin:80 - create IPUIPlugin
2024-01-19 12:59:47,258 [INFO] PluginManager:220 - loadIPPluginJar : add i2c
2024-01-19 12:59:47,261 [INFO] IPUIPlugin:80 - create IPUIPlugin
2024-01-19 12:59:47,261 [INFO] PluginManager:220 - loadIPPluginJar : add i2s
2024-01-19 12:59:47,264 [INFO] IPUIPlugin:80 - create IPUIPlugin
2024-01-19 12:59:47,264 [INFO] PluginManager:220 - loadIPPluginJar : add i3c
2024-01-19 12:59:47,267 [INFO] IPUIPlugin:80 - create IPUIPlugin
2024-01-19 12:59:47,268 [INFO] PluginManager:220 - loadIPPluginJar : add ipddr
2024-01-19 12:59:47,275 [INFO] IPUIPlugin:80 - create IPUIPlugin
2024-01-19 12:59:47,275 [INFO] PluginManager:220 - loadIPPluginJar : add linkedlist
2024-01-19 12:59:47,278 [INFO] IPUIPlugin:80 - create IPUIPlugin
2024-01-19 12:59:47,278 [INFO] PluginManager:220 - loadIPPluginJar : add lorawan
2024-01-19 12:59:47,280 [INFO] IPUIPlugin:80 - create IPUIPlugin
2024-01-19 12:59:47,280 [INFO] PluginManager:220 - loadIPPluginJar : add ltdc
2024-01-19 12:59:47,286 [INFO] IPUIPlugin:80 - create IPUIPlugin
2024-01-19 12:59:47,287 [INFO] PluginManager:220 - loadIPPluginJar : add mdma
2024-01-19 12:59:47,291 [INFO] IPUIPlugin:80 - create IPUIPlugin
2024-01-19 12:59:47,291 [INFO] PluginManager:220 - loadIPPluginJar : add nvic
2024-01-19 12:59:47,294 [INFO] IPUIPlugin:80 - create IPUIPlugin
2024-01-19 12:59:47,294 [INFO] PluginManager:220 - loadIPPluginJar : add opamp
2024-01-19 12:59:47,298 [INFO] IPUIPlugin:80 - create IPUIPlugin
2024-01-19 12:59:47,298 [INFO] PluginManager:220 - loadIPPluginJar : add openamp
2024-01-19 12:59:47,301 [INFO] IPUIPlugin:80 - create IPUIPlugin
2024-01-19 12:59:47,301 [INFO] PluginManager:220 - loadIPPluginJar : add pdm2pcm
2024-01-19 12:59:47,308 [INFO] IPUIPlugin:80 - create IPUIPlugin
2024-01-19 12:59:47,312 [INFO] PluginManager:220 - loadIPPluginJar : add plateformsettings
2024-01-19 12:59:47,314 [INFO] IPUIPlugin:80 - create IPUIPlugin
2024-01-19 12:59:47,314 [INFO] PluginManager:220 - loadIPPluginJar : add quadspi
2024-01-19 12:59:47,317 [INFO] IPUIPlugin:80 - create IPUIPlugin
2024-01-19 12:59:47,318 [INFO] PluginManager:220 - loadIPPluginJar : add resmgrutility
2024-01-19 12:59:47,321 [INFO] IPUIPlugin:80 - create IPUIPlugin
2024-01-19 12:59:47,321 [INFO] PluginManager:220 - loadIPPluginJar : add sai
2024-01-19 12:59:47,324 [INFO] IPUIPlugin:80 - create IPUIPlugin
2024-01-19 12:59:47,324 [INFO] PluginManager:220 - loadIPPluginJar : add spi
2024-01-19 12:59:47,329 [INFO] IPUIPlugin:80 - create IPUIPlugin
2024-01-19 12:59:47,329 [INFO] PluginManager:220 - loadIPPluginJar : add stm32_wpan
2024-01-19 12:59:47,332 [INFO] IPUIPlugin:80 - create IPUIPlugin
2024-01-19 12:59:47,332 [INFO] PluginManager:220 - loadIPPluginJar : add tim
2024-01-19 12:59:47,335 [INFO] IPUIPlugin:80 - create IPUIPlugin
2024-01-19 12:59:47,335 [INFO] PluginManager:220 - loadIPPluginJar : add touchsensing
2024-01-19 12:59:47,337 [INFO] IPUIPlugin:80 - create IPUIPlugin
2024-01-19 12:59:47,338 [INFO] PluginManager:220 - loadIPPluginJar : add tracer_emb
2024-01-19 12:59:47,340 [INFO] IPUIPlugin:80 - create IPUIPlugin
2024-01-19 12:59:47,340 [INFO] PluginManager:220 - loadIPPluginJar : add ts
2024-01-19 12:59:47,342 [INFO] IPUIPlugin:80 - create IPUIPlugin
2024-01-19 12:59:47,342 [INFO] PluginManager:220 - loadIPPluginJar : add tsc
2024-01-19 12:59:47,344 [INFO] IPUIPlugin:80 - create IPUIPlugin
2024-01-19 12:59:47,344 [INFO] PluginManager:220 - loadIPPluginJar : add ucpd
2024-01-19 12:59:47,347 [INFO] IPUIPlugin:80 - create IPUIPlugin
2024-01-19 12:59:47,347 [INFO] PluginManager:220 - loadIPPluginJar : add usart
2024-01-19 12:59:47,350 [INFO] IPUIPlugin:80 - create IPUIPlugin
2024-01-19 12:59:47,350 [INFO] PluginManager:220 - loadIPPluginJar : add usbx
2024-01-19 12:59:47,481 [INFO] CADModel:165 - CPN selected for project level
2024-01-19 12:59:47,481 [INFO] CADModel:114 - Register for checkConnection events
2024-01-19 12:59:47,481 [FATAL] Updater:308 - Updater called before beeing initialized
2024-01-19 12:59:47,482 [ERROR] CADModel:125 - Updater not yet initialized, retry later 
2024-01-19 12:59:47,623 [INFO] CADModel:165 - CPN selected for project level
2024-01-19 12:59:47,623 [INFO] CADModel:114 - Register for checkConnection events
2024-01-19 12:59:47,623 [FATAL] Updater:308 - Updater called before beeing initialized
2024-01-19 12:59:47,623 [ERROR] CADModel:125 - Updater not yet initialized, retry later 
2024-01-19 12:59:47,627 [FATAL] Updater:308 - Updater called before beeing initialized
2024-01-19 12:59:47,748 [FATAL] Updater:308 - Updater called before beeing initialized
2024-01-19 12:59:47,755 [INFO] DbMcusAds:53 - JSON generation date=Wed Nov 29 11:52:27 CET 2023 (1701255147200)
2024-01-19 12:59:47,755 [FATAL] Updater:308 - Updater called before beeing initialized
2024-01-19 12:59:47,798 [WARN] DetailPanel:346 - Failed to get advertising image, set to default
2024-01-19 12:59:47,908 [FATAL] Updater:308 - Updater called before beeing initialized
2024-01-19 12:59:47,910 [FATAL] Updater:308 - Updater called before beeing initialized
2024-01-19 12:59:47,910 [FATAL] Updater:308 - Updater called before beeing initialized
2024-01-19 12:59:47,911 [WARN] DetailPanel:346 - Failed to get advertising image, set to default
2024-01-19 12:59:47,912 [FATAL] Updater:308 - Updater called before beeing initialized
2024-01-19 12:59:47,967 [ERROR] Updater:1120 - MainUpdater not yet initialized. External WinMGr cannot be set.
2024-01-19 12:59:47,970 [INFO] Updater:1056 - Updater Version found : 6.9.2
2024-01-19 12:59:47,993 [INFO] ApplicationProperties:184 - Using Application install path: C:\ST\STM32CubeIDE_1.13.2\STM32CubeIDE\plugins\com.st.stm32cube.common.mx_6.9.2.202309101412
2024-01-19 12:59:48,123 [INFO] MainUpdater:2868 - connection check result : 10
2024-01-19 12:59:48,124 [INFO] MainUpdater:285 - Updater Check For Update Now.
2024-01-19 12:59:48,124 [INFO] MicroXplorer:498 - Change Database Version : DB.6.0.92
2024-01-19 12:59:48,132 [INFO] McuFinderGlobals:63 - Set McuFinder mode to 2 (CubeIDE integrated)
2024-01-19 12:59:48,132 [INFO] UserAuth:179 - activating auth plugin
2024-01-19 12:59:48,135 [INFO] UserAuth:393 - Internet connection configuration mode: 1
2024-01-19 12:59:48,149 [INFO] JxBrowserEngine:151 - Initiate JxBrowser Engine with user profile folder
2024-01-19 12:59:48,329 [INFO] CheckServerUpdateThread:120 - End of CheckServer Thread
2024-01-19 12:59:48,830 [INFO] WebApp:157 - Instantiating new browser for Auth
2024-01-19 12:59:49,518 [INFO] WebApp:753 - Register for checkConnection events
2024-01-19 12:59:49,518 [INFO] WebApp:390 - Apply proxy settings
2024-01-19 12:59:49,518 [INFO] WebApp:475 - Chromium requires no authentication
2024-01-19 12:59:49,526 [INFO] WebApp:418 - Direct internet connection detected
2024-01-19 12:59:49,753 [INFO] WebApp:188 - Starting web application
2024-01-19 12:59:49,754 [INFO] WebApp:520 - Web application path used C:\ST\STM32CubeIDE_1.13.2\STM32CubeIDE\plugins\com.st.stm32cube.common.mx_6.9.2.202309101412\db\plugins\mcufinder\reactClient1\index.html
2024-01-19 12:59:49,820 [WARN] PackLoader:240 - Cannot read IP mode file for STMicroelectronics.X-CUBE-SMBUS.2.1.0
2024-01-19 12:59:49,831 [WARN] PackLoader:240 - Cannot read IP mode file for STMicroelectronics.X-CUBE-TOUCHGFX.4.23.0
2024-01-19 12:59:49,894 [WARN] PackLoader:240 - Cannot read IP mode file for STMicroelectronics.X-CUBE-AZRTOS-F7.1.1.0
2024-01-19 12:59:49,919 [WARN] PackLoader:240 - Cannot read IP mode file for STMicroelectronics.FP-SNS-MOTENV1.4.3.2
2024-01-19 12:59:49,934 [WARN] PackLoader:240 - Cannot read IP mode file for STMicroelectronics.FP-SNS-FLIGHT1.5.0.2
2024-01-19 12:59:49,954 [WARN] PackLoader:240 - Cannot read IP mode file for STMicroelectronics.X-CUBE-DISPLAY.3.0.0
2024-01-19 12:59:49,980 [WARN] PackLoader:240 - Cannot read IP mode file for STMicroelectronics.X-CUBE-BLE1.7.0.0
2024-01-19 12:59:49,995 [WARN] PackLoader:240 - Cannot read IP mode file for emotas.I-CUBE-CANOPEN.1.3.0
2024-01-19 12:59:50,006 [WARN] PackLoader:240 - Cannot read IP mode file for STMicroelectronics.X-CUBE-TOUCHGFX.4.22.1
2024-01-19 12:59:50,014 [WARN] PackLoader:240 - Cannot read IP mode file for STMicroelectronics.FP-SNS-SMARTAG2.1.2.0
2024-01-19 12:59:50,040 [INFO] LogOutputStream:77 - [STDOUT_REDIRECT] 1 : Invalid condition id : UX_CORESTACK_Condition cause : null
2024-01-19 12:59:50,041 [INFO] LogOutputStream:77 - [STDOUT_REDIRECT] 1 : Invalid condition id : UX_CORESTACK_Condition cause : null
2024-01-19 12:59:50,043 [INFO] LogOutputStream:77 - [STDOUT_REDIRECT] 1 : Invalid condition id : UX_CORESTACK_Condition cause : null
2024-01-19 12:59:50,046 [INFO] LogOutputStream:77 - [STDOUT_REDIRECT] 1 : Invalid condition id : UX_CORESTACK_Condition cause : null
2024-01-19 12:59:50,049 [INFO] LogOutputStream:77 - [STDOUT_REDIRECT] 1 : Invalid condition id : UX_CORESTACK_Condition cause : null
2024-01-19 12:59:50,057 [WARN] PackLoader:240 - Cannot read IP mode file for STMicroelectronics.X-CUBE-AZRTOS-WL.2.0.0
2024-01-19 12:59:50,073 [WARN] PackLoader:240 - Cannot read IP mode file for WES.I-CUBE-Cesium.1.3.0
2024-01-19 12:59:50,083 [WARN] PackLoader:240 - Cannot read IP mode file for STMicroelectronics.X-CUBE-BLE2.3.3.0
2024-01-19 12:59:50,095 [WARN] PackLoader:240 - Cannot read IP mode file for STMicroelectronics.X-CUBE-ALGOBUILD.1.3.0
2024-01-19 12:59:50,133 [WARN] PackLoader:240 - Cannot read IP mode file for STMicroelectronics.X-CUBE-AZRTOS-G0.1.1.0
2024-01-19 12:59:50,148 [WARN] PackLoader:240 - Cannot read IP mode file for STMicroelectronics.X-CUBE-NFC4.3.0.0
2024-01-19 12:59:50,166 [WARN] PackLoader:240 - Cannot read IP mode file for STMicroelectronics.X-CUBE-BLEMGR.3.0.0
2024-01-19 12:59:50,176 [WARN] PackLoader:240 - Cannot read IP mode file for STMicroelectronics.FP-ATR-SIGFOX1.3.2.0
2024-01-19 12:59:50,248 [WARN] PackLoader:240 - Cannot read IP mode file for SEGGER.I-CUBE-embOS.1.3.1
2024-01-19 12:59:50,371 [WARN] PackLoader:240 - Cannot read IP mode file for STMicroelectronics.X-CUBE-GNSS1.6.0.0
2024-01-19 12:59:50,414 [WARN] PackLoader:240 - Cannot read IP mode file for STMicroelectronics.X-CUBE-AZRTOS-F4.1.1.0
2024-01-19 12:59:50,426 [WARN] PackLoader:240 - Cannot read IP mode file for wolfSSL.I-CUBE-wolfSSL.5.6.4
2024-01-19 12:59:50,432 [WARN] PackLoader:240 - Cannot read IP mode file for wolfSSL.I-CUBE-wolfSSL.5.6.3
2024-01-19 12:59:50,488 [WARN] PackLoader:240 - Cannot read IP mode file for STMicroelectronics.X-CUBE-AZRTOS-L5.2.0.0
2024-01-19 12:59:50,503 [WARN] PackLoader:240 - Cannot read IP mode file for STMicroelectronics.X-CUBE-EEPRMA1.4.2.0
2024-01-19 12:59:50,512 [WARN] PackLoader:240 - Cannot read IP mode file for ITTIA_DB.I-CUBE-ITTIADB.8.8.0
2024-01-19 12:59:50,543 [WARN] ConditionMgr:438 - getConditionDescription Invalid condition id : UX DEVICE CLASS RTOS Condition cause : null
2024-01-19 12:59:50,543 [WARN] ConditionMgr:438 - getConditionDescription Invalid condition id : UX DEVICE CLASS RTOS Condition cause : null
2024-01-19 12:59:50,549 [WARN] PackLoader:240 - Cannot read IP mode file for STMicroelectronics.X-CUBE-AZRTOS-H7.3.1.0
2024-01-19 12:59:50,553 [WARN] ConditionMgr:1039 - genDependencies : Invalid condition id : UX DEVICE CLASS RTOS Condition cause : null
2024-01-19 12:59:50,553 [WARN] ConditionMgr:1039 - genDependencies : Invalid condition id : UX DEVICE CLASS RTOS Condition cause : null
2024-01-19 12:59:50,554 [WARN] ConditionMgr:1039 - genDependencies : Invalid condition id : UX DEVICE CLASS RTOS Condition cause : null
2024-01-19 12:59:50,555 [WARN] ConditionMgr:1039 - genDependencies : Invalid condition id : UX DEVICE CLASS RTOS Condition cause : null
2024-01-19 12:59:50,555 [WARN] ConditionMgr:1039 - genDependencies : Invalid condition id : UX DEVICE CLASS RTOS Condition cause : null
2024-01-19 12:59:50,568 [WARN] PackLoader:240 - Cannot read IP mode file for STMicroelectronics.X-CUBE-NFC7.1.0.1
2024-01-19 12:59:50,587 [WARN] PackLoader:240 - Cannot read IP mode file for STMicroelectronics.X-CUBE-NFC6.3.0.0
2024-01-19 12:59:50,597 [WARN] PackLoader:240 - Cannot read IP mode file for STMicroelectronics.X-CUBE-AI.8.1.0
2024-01-19 12:59:50,629 [WARN] ConditionMgr:438 - getConditionDescription Invalid condition id : LAN8742 Phy interface Condition cause : null
2024-01-19 12:59:50,631 [WARN] PackLoader:240 - Cannot read IP mode file for STMicroelectronics.X-CUBE-AZRTOS-L4.2.0.0
2024-01-19 12:59:50,633 [WARN] ConditionMgr:1039 - genDependencies : Invalid condition id : LAN8742 Phy interface Condition cause : null
2024-01-19 12:59:50,634 [WARN] ConditionMgr:1039 - genDependencies : Invalid condition id : LAN8742 Phy interface Condition cause : null
2024-01-19 12:59:50,635 [WARN] ConditionMgr:1039 - genDependencies : Invalid condition id : LAN8742 Phy interface Condition cause : null
2024-01-19 12:59:50,651 [WARN] PackLoader:240 - Cannot read IP mode file for STMicroelectronics.X-CUBE-SFXS2LP1.4.0.0
2024-01-19 12:59:50,659 [WARN] PackLoader:240 - Cannot read IP mode file for STMicroelectronics.X-CUBE-ISPU.1.1.0
2024-01-19 12:59:50,697 [WARN] ConditionMgr:438 - getConditionDescription Invalid condition id : UX DEVICE CLASS RTOS Condition cause : null
2024-01-19 12:59:50,697 [WARN] ConditionMgr:438 - getConditionDescription Invalid condition id : UX DEVICE CLASS RTOS Condition cause : null
2024-01-19 12:59:50,704 [WARN] PackLoader:240 - Cannot read IP mode file for STMicroelectronics.X-CUBE-AZRTOS-WB.2.0.0
2024-01-19 12:59:50,705 [WARN] ConditionMgr:1039 - genDependencies : Invalid condition id : UX DEVICE CLASS RTOS Condition cause : null
2024-01-19 12:59:50,705 [WARN] ConditionMgr:1039 - genDependencies : Invalid condition id : UX DEVICE CLASS RTOS Condition cause : null
2024-01-19 12:59:50,706 [WARN] ConditionMgr:1039 - genDependencies : Invalid condition id : UX DEVICE CLASS RTOS Condition cause : null
2024-01-19 12:59:50,707 [WARN] ConditionMgr:1039 - genDependencies : Invalid condition id : UX DEVICE CLASS RTOS Condition cause : null
2024-01-19 12:59:50,708 [WARN] ConditionMgr:1039 - genDependencies : Invalid condition id : UX DEVICE CLASS RTOS Condition cause : null
2024-01-19 12:59:50,725 [WARN] PackLoader:240 - Cannot read IP mode file for STMicroelectronics.X-CUBE-SUBG2.5.0.0
2024-01-19 12:59:50,759 [WARN] PackLoader:240 - Cannot read IP mode file for STMicroelectronics.X-CUBE-TOF1.3.3.1
2024-01-19 12:59:50,819 [WARN] PackLoader:240 - Cannot read IP mode file for STMicroelectronics.X-CUBE-AZRTOS-G4.2.0.0
2024-01-19 12:59:50,868 [WARN] PackLoader:240 - Cannot read IP mode file for Infineon.AIROC-Wi-Fi-Bluetooth-STM32.1.5.1
2024-01-19 12:59:50,882 [WARN] PackLoader:240 - Cannot read IP mode file for STMicroelectronics.FP-SNS-MOTENVWB1.1.3.0
2024-01-19 12:59:50,888 [WARN] PackLoader:240 - Cannot read IP mode file for STMicroelectronics.FP-SNS-MOTENVWB1.1.3.1
2024-01-19 12:59:50,894 [WARN] PackLoader:240 - Cannot read IP mode file for STMicroelectronics.X-CUBE-ISPU.2.0.0
2024-01-19 12:59:50,984 [WARN] PackLoader:240 - Cannot read IP mode file for STMicroelectronics.X-CUBE-MEMS1.10.0.0
2024-01-19 12:59:51,565 [WARN] PackLoader:240 - Cannot read IP mode file for STMicroelectronics.X-CUBE-FREERTOS.1.1.0
2024-01-19 12:59:51,573 [WARN] PackLoader:240 - Cannot read IP mode file for portGmbH.I-Cube-SoM-uGOAL.1.1.0
2024-01-19 12:59:51,578 [WARN] PackLoader:240 - Cannot read IP mode file for STMicroelectronics.X-CUBE-ALS.1.0.1
2024-01-19 12:59:51,583 [WARN] PackLoader:240 - Cannot read IP mode file for STMicroelectronics.FP-ATR-ASTRA1.2.0.0
2024-01-19 12:59:51,595 [WARN] PackLoader:240 - Cannot read IP mode file for STMicroelectronics.X-CUBE-TOF1.3.4.0
2024-01-19 12:59:51,636 [WARN] PackLoader:240 - Cannot read IP mode file for STMicroelectronics.X-CUBE-AZRTOS-H7.3.2.0
2024-01-19 12:59:51,640 [INFO] ThirdParty:978 - Integrity check success = true
2024-01-19 12:59:51,641 [INFO] IntegrityCheckThread:100 - exiting critical section [integrity check]
2024-01-19 12:59:51,641 [INFO] IntegrityCheckThread:103 - End integrity checks thread
2024-01-19 13:00:10,528 [ERROR] LogOutputStream:75 - [STDERR_REDIRECT] SLF4J: Failed to load class "org.slf4j.impl.StaticLoggerBinder".
2024-01-19 13:00:10,529 [ERROR] LogOutputStream:75 - [STDERR_REDIRECT] SLF4J: Defaulting to no-operation (NOP) logger implementation
2024-01-19 13:00:10,531 [ERROR] LogOutputStream:75 - [STDERR_REDIRECT] SLF4J: See http://www.slf4j.org/codes.html#StaticLoggerBinder for further details.
2024-01-19 13:08:50,560 [ERROR] LogOutputStream:75 - [STDERR_REDIRECT] 
